<?xml version="1.0" encoding="UTF-8"?>
<!-- Generated by org.testng.reporters.JUnitXMLReporter -->
<testsuite ignored="0" hostname="Ajaykorada" failures="0" tests="5" name="Default test" time="0.048" errors="0" timestamp="2025-10-13T17:09:10 IST">
  <testcase classname="Com_GNG_TestCases_User.Base_Class" name="@BeforeSuite OpenAppliction" time="-1.760355550062E9">
    <failure type="org.testng.TestNGException" message="
Parameter &amp;apos;Browser&amp;apos; is required by BeforeSuite on method OpenAppliction but has not been marked @Optional or defined
in C:\Users\ajayk\AppData\Local\Temp\testng-eclipse-1303373089\testng-customsuite.xml">
      <![CDATA[org.testng.TestNGException: 
Parameter 'Browser' is required by BeforeSuite on method OpenAppliction but has not been marked @Optional or defined
in C:\Users\ajayk\AppData\Local\Temp\testng-eclipse-1303373089\testng-customsuite.xml
at org.testng.internal.Parameters.createParams(Parameters.java:264)
at org.testng.internal.Parameters.createParametersForMethod(Parameters.java:352)
at org.testng.internal.Parameters.createParameters(Parameters.java:690)
at org.testng.internal.Parameters.createConfigurationParameters(Parameters.java:163)
at org.testng.internal.invokers.ConfigInvoker.invokeConfigurations(ConfigInvoker.java:313)
at org.testng.SuiteRunner.privateRun(SuiteRunner.java:358)
at org.testng.SuiteRunner.run(SuiteRunner.java:312)
at org.testng.SuiteRunnerWorker.runSuite(SuiteRunnerWorker.java:52)
at org.testng.SuiteRunnerWorker.run(SuiteRunnerWorker.java:95)
at org.testng.TestNG.runSuitesSequentially(TestNG.java:1274)
at org.testng.TestNG.runSuitesLocally(TestNG.java:1208)
at org.testng.TestNG.runSuites(TestNG.java:1112)
at org.testng.TestNG.run(TestNG.java:1079)
at org.testng.remote.AbstractRemoteTestNG.run(AbstractRemoteTestNG.java:115)
at org.testng.remote.RemoteTestNG.initAndRun(RemoteTestNG.java:293)
at org.testng.remote.RemoteTestNG.main(RemoteTestNG.java:91)
]]>
    </failure>
  </testcase> <!-- @BeforeSuite OpenAppliction -->
  <testcase classname="Com_GNG_TestCases_User.Tc_001_LoginPage" name="Groc_UserLogin" time="0.0">
    <skipped/>
  </testcase> <!-- Groc_UserLogin -->
  <testcase classname="Com_GNG_TestCases_User.Tc_002_HomePage" name="Home_Functionalityes" time="0.0">
    <skipped/>
  </testcase> <!-- Home_Functionalityes -->
  <testcase classname="Com_GNG_TestCases_User.Tc_003_ShopPage" name="shopPage" time="0.0">
    <skipped/>
  </testcase> <!-- shopPage -->
  <testcase classname="Com_GNG_TestCases_User.Tc_004_ProductPage" name="Productpage" time="0.0">
    <skipped/>
  </testcase> <!-- Productpage -->
  <testcase classname="Com_GNG_TestCases_User.Tc_005_CheckoutPage" name="CheckoutProduct" time="0.0">
    <skipped/>
  </testcase> <!-- CheckoutProduct -->
</testsuite> <!-- Default test -->
