<?xml version="1.0" encoding="UTF-8"?>
<!-- Generated by org.testng.reporters.JUnitXMLReporter -->
<testsuite ignored="0" hostname="DESKTOP-I9RL5TD" failures="0" tests="4" name="Test2" time="0.728" errors="0" timestamp="2025-10-06T16:13:57 IST">
  <testcase classname="Com_GNG_TestCases_User.Base_Class" name="@BeforeSuite OpenAppliction" time="-1.759747435885E9">
    <failure type="org.testng.TestNGException" message="
Parameter &amp;apos;Browser&amp;apos; is required by BeforeSuite on method OpenAppliction but has not been marked @Optional or defined
in C:\new eclipse\eclipse-workspace\GroceNGoMart\grc1.xml">
      <![CDATA[org.testng.TestNGException: 
Parameter 'Browser' is required by BeforeSuite on method OpenAppliction but has not been marked @Optional or defined
in C:\new eclipse\eclipse-workspace\GroceNGoMart\grc1.xml
... Removed 16 stack frames]]>
    </failure>
  </testcase> <!-- @BeforeSuite OpenAppliction -->
  <testcase classname="Com_GNG_TestCases_Admin.baseClass" name="@BeforeSuite launch" time="0.0">
    <skipped/>
  </testcase> <!-- @BeforeSuite launch -->
  <testcase classname="Com_GNG_TestCases_User.Tc_001_LoginPage" name="Groc_UserLogin" time="0.001">
    <skipped/>
  </testcase> <!-- Groc_UserLogin -->
  <testcase classname="Com_GNG_TestCases_User.Tc_002_HomePage" name="Home_Functionalityes" time="0.0">
    <skipped/>
  </testcase> <!-- Home_Functionalityes -->
  <testcase classname="Com_GNG_TestCases_User.Tc_003_ShopPage" name="shopPage" time="0.0">
    <skipped/>
  </testcase> <!-- shopPage -->
  <testcase classname="Com_GNG_TestCases_User.Tc_004_ProductPage" name="Productpage" time="0.0">
    <skipped/>
  </testcase> <!-- Productpage -->
</testsuite> <!-- Test2 -->
